\BOOKMARK [1][-]{section.1}{Introduction}{}% 1
\BOOKMARK [1][-]{section.2}{Case Study Background}{}% 2
\BOOKMARK [1][-]{section.3}{Final Product Features}{}% 3
\BOOKMARK [2][-]{subsection.3.1}{Template Creator and Template Manager}{section.3}% 4
\BOOKMARK [2][-]{subsection.3.2}{File Watcher}{section.3}% 5
\BOOKMARK [2][-]{subsection.3.3}{Web Application}{section.3}% 6
\BOOKMARK [2][-]{subsection.3.4}{PDF to JSON Conversion}{section.3}% 7
\BOOKMARK [2][-]{subsection.3.5}{Displaying the Data}{section.3}% 8
\BOOKMARK [2][-]{subsection.3.6}{User Handling}{section.3}% 9
\BOOKMARK [1][-]{section.4}{Design Decisions}{}% 10
\BOOKMARK [1][-]{section.5}{Iteration One and Two}{}% 11
\BOOKMARK [1][-]{section.6}{Iteration Three}{}% 12
\BOOKMARK [1][-]{section.7}{Iteration Four}{}% 13
\BOOKMARK [1][-]{section.8}{Iteration Five}{}% 14
\BOOKMARK [1][-]{section.9}{Iteration Six}{}% 15
\BOOKMARK [1][-]{section.10}{Conclusions}{}% 16
\BOOKMARK [2][-]{subsection.10.1}{Initial Requirements Gathering and Planning Phase}{section.10}% 17
\BOOKMARK [2][-]{subsection.10.2}{Project Management and Development}{section.10}% 18
\BOOKMARK [2][-]{subsection.10.3}{Quality Assurance}{section.10}% 19
\BOOKMARK [2][-]{subsection.10.4}{Final Notes}{section.10}% 20
